[BUG] ./push_swap "a100 5 213"
[BUG] ./push_swap "100a 5"
[BUG] ./push_swap "10a0"
[BUG] ./push_swap a 500 15 315
[BUG] ./push_swap 1 b 2
[BUG] ./push_swap "1_000"
[BUG] ./push_swap "12.5"
[BUG] ./push_swap "1e3"
[BUG] ./push_swap "1+2"
[BUG] ./push_swap "3-4"
[BUG] ./push_swap "+-42"
[BUG] ./push_swap "-+42"
[BUG] ./push_swap "42+"
[BUG] ./push_swap "42-"
[BUG] ./push_swap "4-2"
[BUG] ./push_swap "++1"
[BUG] ./push_swap "--1"
[BUG] ./push_swap "1 - 2"
[BUG] ./push_swap "1 + 2"
[BUG] ./push_swap "1--2"
[BUG] ./push_swap "1,,2"
[BUG] ./push_swap "a-1 +2b 003"
[BUG] ./push_swap a
[BUG] ./push_swap --
[BUG] ./push_swap -a
[BUG] ./push_swap "1-"
