==729802== Memcheck, a memory error detector
==729802== Copyright (C) 2002-2017, and GNU GPL'd, by Julian Seward et al.
==729802== Using Valgrind-3.18.1 and LibVEX; rerun with -h for copyright info
==729802== Command: ./swap.a 1 2 3 4 6 5
==729802== Parent PID: 644796
==729802== 
==729802== 
==729802== HEAP SUMMARY:
==729802==     in use at exit: 104 bytes in 6 blocks
==729802==   total heap usage: 47 allocs, 41 frees, 820 bytes allocated
==729802== 
==729802== 104 (24 direct, 80 indirect) bytes in 1 blocks are definitely lost in loss record 3 of 3
==729802==    at 0x4848899: malloc (in /usr/libexec/valgrind/vgpreload_memcheck-amd64-linux.so)
==729802==    by 0x401365: new_lis (LIS.c:83)
==729802==    by 0x401259: fill_lis (LIS.c:26)
==729802==    by 0x401C6F: sort_grand (algo_dealer.c:117)
==729802==    by 0x401776: algo_dealer (algo_dealer.c:44)
==729802==    by 0x4011AE: main (push_swap.c:24)
==729802== 
==729802== LEAK SUMMARY:
==729802==    definitely lost: 24 bytes in 1 blocks
==729802==    indirectly lost: 80 bytes in 5 blocks
==729802==      possibly lost: 0 bytes in 0 blocks
==729802==    still reachable: 0 bytes in 0 blocks
==729802==         suppressed: 0 bytes in 0 blocks
==729802== 
==729802== For lists of detected and suppressed errors, rerun with: -s
==729802== ERROR SUMMARY: 1 errors from 1 contexts (suppressed: 0 from 0)
