==2149730== Memcheck, a memory error detector
==2149730== Copyright (C) 2002-2017, and GNU GPL'd, by Julian Seward et al.
==2149730== Using Valgrind-3.18.1 and LibVEX; rerun with -h for copyright info
==2149730== Command: ./a.out
==2149730== Parent PID: 2140352
==2149730== 
==2149730== 
==2149730== HEAP SUMMARY:
==2149730==     in use at exit: 39 bytes in 2 blocks
==2149730==   total heap usage: 6 allocs, 4 frees, 1,119 bytes allocated
==2149730== 
==2149730== 39 (32 direct, 7 indirect) bytes in 1 blocks are definitely lost in loss record 2 of 2
==2149730==    at 0x4848899: malloc (in /usr/libexec/valgrind/vgpreload_memcheck-amd64-linux.so)
==2149730==    by 0x109A0C: ft_calloc (get_next_line_utils.c:93)
==2149730==    by 0x1097E2: init_find_fd (get_next_line_utils.c:33)
==2149730==    by 0x1093FA: read_until (get_next_line.c:55)
==2149730==    by 0x10926B: get_next_line (get_next_line.c:20)
==2149730==    by 0x10970E: main (get_next_line.c:126)
==2149730== 
==2149730== LEAK SUMMARY:
==2149730==    definitely lost: 32 bytes in 1 blocks
==2149730==    indirectly lost: 7 bytes in 1 blocks
==2149730==      possibly lost: 0 bytes in 0 blocks
==2149730==    still reachable: 0 bytes in 0 blocks
==2149730==         suppressed: 0 bytes in 0 blocks
==2149730== 
==2149730== For lists of detected and suppressed errors, rerun with: -s
==2149730== ERROR SUMMARY: 1 errors from 1 contexts (suppressed: 0 from 0)
