==688518== Memcheck, a memory error detector
==688518== Copyright (C) 2002-2017, and GNU GPL'd, by Julian Seward et al.
==688518== Using Valgrind-3.18.1 and LibVEX; rerun with -h for copyright info
==688518== Command: ./libft.a
==688518== Parent PID: 315552
==688518== 
==688518== Invalid read of size 1
==688518==    at 0x485204D: bcmp (in /usr/libexec/valgrind/vgpreload_memcheck-amd64-linux.so)
==688518==    by 0x402B6B: main (ft_substr.c:44)
==688518==  Address 0x4ac5041 is 0 bytes after a block of size 1 alloc'd
==688518==    at 0x4848899: malloc (in /usr/libexec/valgrind/vgpreload_memcheck-amd64-linux.so)
==688518==    by 0x402A17: ft_substr (ft_substr.c:21)
==688518==    by 0x402B4C: main (ft_substr.c:43)
==688518== 
==688518== 
==688518== HEAP SUMMARY:
==688518==     in use at exit: 0 bytes in 0 blocks
==688518==   total heap usage: 2 allocs, 2 frees, 1,025 bytes allocated
==688518== 
==688518== All heap blocks were freed -- no leaks are possible
==688518== 
==688518== For lists of detected and suppressed errors, rerun with: -s
==688518== ERROR SUMMARY: 1 errors from 1 contexts (suppressed: 0 from 0)
